<?xml version="1.0" encoding="UTF-8"?>
<!-- Generated by org.testng.reporters.JUnitReportReporter -->
<testsuite skipped="0" hostname="QINDW173" name="eShopActivation.eShopActivation" tests="1" failures="0" timestamp="10 Sep 2019 07:00:35 GMT" time="92.073" errors="0">
  <testcase name="onboardingFlow" time="92.073" classname="eShopActivation.eShopActivation"/>
</testsuite> <!-- eShopActivation.eShopActivation -->
