<?xml version="1.0" encoding="UTF-8"?>
<!-- Generated by org.testng.reporters.JUnitReportReporter -->
<testsuite skipped="0" hostname="QINDW173" name="eShopActivation.fileRead" tests="1" failures="0" timestamp="29 Jul 2019 10:58:32 GMT" time="0.008" errors="0">
  <testcase name="propertyFile" time="0.008" classname="eShopActivation.fileRead"/>
</testsuite> <!-- eShopActivation.fileRead -->
