<?xml version="1.0" encoding="UTF-8"?>
<!-- Generated by org.testng.reporters.JUnitReportReporter -->
<testsuite skipped="0" hostname="QINDW173" name="eShopActivation.eShopActivation" tests="1" failures="0" timestamp="07 Aug 2019 14:10:24 GMT" time="30.341" errors="0">
  <testcase name="onboardingFlow" time="30.341" classname="eShopActivation.eShopActivation"/>
</testsuite> <!-- eShopActivation.eShopActivation -->
