<?xml version="1.0" encoding="UTF-8"?>
<!-- Generated by org.testng.reporters.JUnitReportReporter -->
<testsuite skipped="0" hostname="QINDW173" name="eShopActivation.eShopActivation" tests="1" failures="0" timestamp="19 Aug 2019 12:38:49 GMT" time="43.161" errors="0">
  <testcase name="onboardingFlow" time="43.161" classname="eShopActivation.eShopActivation"/>
</testsuite> <!-- eShopActivation.eShopActivation -->
