<?xml version="1.0" encoding="UTF-8"?>
<!-- Generated by org.testng.reporters.JUnitReportReporter -->
<testsuite skipped="0" hostname="QINDW173" name="eShopActivation.eShopActivation" tests="1" failures="0" timestamp="04 Sep 2019 06:46:57 GMT" time="95.839" errors="0">
  <testcase name="onboardingFlow" time="95.839" classname="eShopActivation.eShopActivation"/>
</testsuite> <!-- eShopActivation.eShopActivation -->
