<?xml version="1.0" encoding="UTF-8"?>
<!-- Generated by org.testng.reporters.JUnitReportReporter -->
<testsuite skipped="0" hostname="QINDW173" name="eShopActivation.eShopActivation" tests="1" failures="0" timestamp="30 Jul 2019 05:37:30 GMT" time="7.577" errors="0">
  <testcase name="onboardingFlow" time="7.577" classname="eShopActivation.eShopActivation"/>
</testsuite> <!-- eShopActivation.eShopActivation -->
